<?xml version="1.0" encoding="UTF-8"?>
<!-- Generated by org.testng.reporters.JUnitReportReporter -->
<testsuite hostname="DESKTOP-H8BHTI6" failures="0" tests="1" name="TestScript.LoginTest" time="5.450" errors="0" timestamp="2025-08-22T14:51:11 IST" skipped="0">
  <testcase classname="TestScript.LoginTest" name="verifyUserLoginWithValidCredential" time="5.450"/>
</testsuite> <!-- TestScript.LoginTest -->
