<?xml version="1.0" encoding="UTF-8"?>
<!-- Generated by org.testng.reporters.JUnitReportReporter -->
<testsuite hostname="DESKTOP-H8BHTI6" failures="0" tests="1" name="SeleniumBasic.TestngAnnotations" time="0.032" errors="0" timestamp="2025-08-21T14:21:13 IST" skipped="0">
  <testcase classname="SeleniumBasic.TestngAnnotations" name="sample" time="0.032"/>
</testsuite> <!-- SeleniumBasic.TestngAnnotations -->
