<?xml version="1.0" encoding="UTF-8"?>
<!-- Generated by org.testng.reporters.JUnitReportReporter -->
<testsuite hostname="DESKTOP-H8BHTI6" failures="0" tests="4" name="TestScript.LoginTest" time="19.433" errors="0" timestamp="2025-08-22T13:17:00 IST" skipped="0">
  <testcase classname="TestScript.LoginTest" name="verifyInvalidUsernameAndValidPassword" time="10.141"/>
  <testcase classname="TestScript.LoginTest" name="verifyUserLoginWithValidCredential" time="2.891"/>
  <testcase classname="TestScript.LoginTest" name="verifyValidUsernameAndInvalidPassword" time="3.126"/>
  <testcase classname="TestScript.LoginTest" name="verifyUserLoginWithWrongCredential" time="3.275"/>
</testsuite> <!-- TestScript.LoginTest -->
